#
# There is insufficient memory for the Java Runtime Environment to continue.
# Native memory allocation (malloc) failed to allocate 1048576 bytes for AllocateHeap
# Possible reasons:
#   The system is out of physical RAM or swap space
#   In 32 bit mode, the process size limit was hit
# Possible solutions:
#   Reduce memory load on the system
#   Increase physical memory or swap space
#   Check if swap backing store is full
#   Use 64 bit Java on a 64 bit OS
#   Decrease Java heap size (-Xmx/-Xms)
#   Decrease number of Java threads
#   Decrease Java thread stack sizes (-Xss)
#   Set larger code cache with -XX:ReservedCodeCacheSize=
# This output file may be truncated or incomplete.
#
#  Out of Memory Error (memory/allocation.inline.hpp:62), pid=4908, tid=8052
#
# JRE version:  (8.0_05-b13) (build )
# Java VM: Java HotSpot(TM) 64-Bit Server VM (25.5-b02 mixed mode windows-amd64 compressed oops)
# Failed to write core dump. Minidumps are not enabled by default on client versions of Windows
#

---------------  T H R E A D  ---------------

Current thread (0x0000000001e12800):  JavaThread "Unknown thread" [_thread_in_vm, id=8052, stack(0x0000000001d10000,0x0000000001e10000)]

Stack: [0x0000000001d10000,0x0000000001e10000]
Native frames: (J=compiled Java code, j=interpreted, Vv=VM code, C=native code)
V  [jvm.dll+0x308dea]
V  [jvm.dll+0x25def1]
V  [jvm.dll+0x25eb0f]
V  [jvm.dll+0x2564e5]
V  [jvm.dll+0x37eb4f]
V  [jvm.dll+0x3c70d2]
V  [jvm.dll+0x3c751c]
V  [jvm.dll+0x3c29f7]
V  [jvm.dll+0xe2142]
V  [jvm.dll+0x1f1419]
V  [jvm.dll+0x2227c4]
V  [jvm.dll+0x149f71]
C  [jli.dll+0x458a]
C  [jli.dll+0xc45b]
C  [jli.dll+0xc4ef]
C  [KERNEL32.DLL+0x16ad]
C  [ntdll.dll+0x54409]


---------------  P R O C E S S  ---------------

Java Threads: ( => current thread )

Other Threads:

=>0x0000000001e12800 (exited) JavaThread "Unknown thread" [_thread_in_vm, id=8052, stack(0x0000000001d10000,0x0000000001e10000)]

VM state:not at safepoint (normal execution)

VM Mutex/Monitor currently owned by a thread: None

Heap:
 PSYoungGen      total 1024K, used 20K [0x00000000ecc00000, 0x00000000ecd80000, 0x0000000100000000)
  eden space 512K, 4% used [0x00000000ecc00000,0x00000000ecc05288,0x00000000ecc80000)
  from space 512K, 0% used [0x00000000ecd00000,0x00000000ecd00000,0x00000000ecd80000)
  to   space 512K, 0% used [0x00000000ecc80000,0x00000000ecc80000,0x00000000ecd00000)
 ParOldGen       total 6656K, used 0K [0x00000000c6400000, 0x00000000c6a80000, 0x00000000ecc00000)
  object space 6656K, 0% used [0x00000000c6400000,0x00000000c6400000,0x00000000c6a80000)
 Metaspace       used 673K, capacity 4480K, committed 4480K, reserved 1056768K
  class space    used 66K, capacity 384K, committed 384K, reserved 1048576K

Card table byte_map: [0x00000000112d0000,0x00000000114a0000] byte_map_base: 0x0000000010c9e000

Marking Bits: (ParMarkBitMap*) 0x000000005a7513b0
 Begin Bits: [0x00000000119e0000, 0x0000000012850000)
 End Bits:   [0x0000000012850000, 0x00000000136c0000)

Polling page: 0x0000000001be0000

CodeCache: size=245760Kb used=327Kb max_used=327Kb free=245432Kb
 bounds [0x0000000001f10000, 0x0000000002180000, 0x0000000010f10000]
 total_blobs=56 nmethods=0 adapters=37
 compilation: enabled

Compilation events (0 events):
No events

GC Heap History (0 events):
No events

Deoptimization events (0 events):
No events

Internal exceptions (0 events):
No events

Events (10 events):
Event: 0.081 loading class java/lang/Short
Event: 0.081 loading class java/lang/Short done
Event: 0.081 loading class java/lang/Integer
Event: 0.082 loading class java/lang/Integer done
Event: 0.082 loading class java/lang/Long
Event: 0.082 loading class java/lang/Long done
Event: 0.083 loading class java/lang/NullPointerException
Event: 0.083 loading class java/lang/NullPointerException done
Event: 0.083 loading class java/lang/ArithmeticException
Event: 0.083 loading class java/lang/ArithmeticException done


Dynamic libraries:
0x00007ff7d2650000 - 0x00007ff7d2657000 	C:\Program Files\Java\jdk1.8.0_05\bin\javac.exe
0x00007ffab7e30000 - 0x00007ffab7fd6000 	C:\Windows\SYSTEM32\ntdll.dll
0x00007ffab7670000 - 0x00007ffab77aa000 	C:\Windows\system32\KERNEL32.DLL
0x00007ffab52c0000 - 0x00007ffab53cf000 	C:\Windows\system32\KERNELBASE.dll
0x000000005bd20000 - 0x000000005bdb2000 	C:\Program Files\Bitdefender\Antivirus Free Edition\avc3\avc3_sig_273\avcuf64.dll
0x0000000059f70000 - 0x0000000059f9c000 	C:\Program Files\Java\jdk1.8.0_05\bin\jli.dll
0x0000000059e90000 - 0x0000000059f62000 	C:\Program Files\Java\jdk1.8.0_05\bin\MSVCR100.dll
0x00007ffab6f10000 - 0x00007ffab6fb5000 	C:\Windows\system32\ADVAPI32.dll
0x00007ffab2410000 - 0x00007ffab266a000 	C:\Windows\WinSxS\amd64_microsoft.windows.common-controls_6595b64144ccf1df_6.0.9600.17031_none_6242a4b3ecbb55a1\COMCTL32.dll
0x00007ffab7af0000 - 0x00007ffab7c61000 	C:\Windows\system32\USER32.dll
0x00007ffab7d80000 - 0x00007ffab7e27000 	C:\Windows\system32\msvcrt.dll
0x00007ffab77b0000 - 0x00007ffab7807000 	C:\Windows\SYSTEM32\sechost.dll
0x00007ffab6d90000 - 0x00007ffab6ec7000 	C:\Windows\system32\RPCRT4.dll
0x00007ffab7520000 - 0x00007ffab7664000 	C:\Windows\system32\GDI32.dll
0x00007ffab6ed0000 - 0x00007ffab6f04000 	C:\Windows\system32\IMM32.DLL
0x00007ffab73e0000 - 0x00007ffab7519000 	C:\Windows\system32\MSCTF.dll
0x000000005a7d0000 - 0x000000005a8a2000 	C:\Program Files\Java\jdk1.8.0_05\jre\bin\msvcr100.dll
0x0000000059fa0000 - 0x000000005a7ca000 	C:\Program Files\Java\jdk1.8.0_05\jre\bin\server\jvm.dll
0x00007ffaa8eb0000 - 0x00007ffaa8eb9000 	C:\Windows\SYSTEM32\WSOCK32.dll
0x00007ffaaf050000 - 0x00007ffaaf06f000 	C:\Windows\SYSTEM32\WINMM.dll
0x00007ffab7250000 - 0x00007ffab7257000 	C:\Windows\system32\PSAPI.DLL
0x00007ffab7a90000 - 0x00007ffab7ae8000 	C:\Windows\system32\WS2_32.dll
0x00007ffaaef50000 - 0x00007ffaaef7a000 	C:\Windows\SYSTEM32\WINMMBASE.dll
0x00007ffab7a80000 - 0x00007ffab7a89000 	C:\Windows\system32\NSI.dll
0x00007ffab5270000 - 0x00007ffab52ba000 	C:\Windows\SYSTEM32\cfgmgr32.dll
0x00007ffab3f50000 - 0x00007ffab3f76000 	C:\Windows\SYSTEM32\DEVOBJ.dll
0x000000005b400000 - 0x000000005b40f000 	C:\Program Files\Java\jdk1.8.0_05\jre\bin\verify.dll
0x0000000059e60000 - 0x0000000059e88000 	C:\Program Files\Java\jdk1.8.0_05\jre\bin\java.dll
0x0000000059e40000 - 0x0000000059e56000 	C:\Program Files\Java\jdk1.8.0_05\jre\bin\zip.dll
0x00007ffab3bd0000 - 0x00007ffab3d58000 	C:\Windows\SYSTEM32\dbghelp.dll

VM Arguments:
jvm_args: -Denv.class.path=JAVA_HOME\lib.C:\Program Files (x86)\MySQL\MySQL Connector J\mysql-connector-java-5.1.31-bin.jar -Dapplication.home=C:\Program Files\Java\jdk1.8.0_05 -Xms8m 
java_command: com.sun.tools.javac.Main -version
java_class_path (initial): C:\Program Files\Java\jdk1.8.0_05/lib/tools.jar;C:\Program Files\Java\jdk1.8.0_05/classes
Launcher Type: SUN_STANDARD

Environment Variables:
JAVA_HOME=C:\Program Files\Java\jdk1.8.0_05
CLASSPATH=JAVA_HOME\lib.C:\Program Files (x86)\MySQL\MySQL Connector J\mysql-connector-java-5.1.31-bin.jar
PATH=C:\Users\Vincent\AppData\Roaming\npm;C:\Program Files (x86)\nodejs\;C:\Program Files (x86)\Intel\iCLS Client\;C:\Program Files\Intel\iCLS Client\;C:\Windows\system32;C:\Windows;C:\Windows\System32\Wbem;C:\Windows\System32\WindowsPowerShell\v1.0\;C:\Program Files\Intel\Intel(R) Management Engine Components\DAL;C:\Program Files\Intel\Intel(R) Management Engine Components\IPT;C:\Program Files (x86)\Intel\Intel(R) Management Engine Components\DAL;C:\Program Files (x86)\Intel\Intel(R) Management Engine Components\IPT;C:\Program Files (x86)\Calibre2\;C:\Program Files\Java\jdk1.8.0_05\bin\;C:\Program Files\Java\jre8\bin\; C:\Program Files (x86)\MySQL\MySQL Connector J\mysql-connector-java-5.1.31-bin.jar;C:\Program Files (x86)\MiKTeX 2.9\miktex\bin\;C:\Program Files (x86)\nodejs\;C:\apache-ant-1.9.4/bin;C:\Users\Vincent\Programme\Eclipse n Android\sdk\tools; C:\Users\Vincent\Programme\Eclipse n Android\sdk\platform-tools;C:\Users\Vincent\AppData\Roaming\npm; C:\Users\Vincent\Programme\Eclipse n Android\sdk\tools; C:\Users\Vincent\Programme\Eclipse n Android\sdk\platform-tools; C:\apache-ant-1.9.4/bin;C:\Users\Vincent\Programme\Eclipse n Android\sdk\platform-tools
USERNAME=Vincent
OS=Windows_NT
PROCESSOR_IDENTIFIER=Intel64 Family 6 Model 58 Stepping 9, GenuineIntel



---------------  S Y S T E M  ---------------

OS: Windows 8.1 , 64 bit Build 9600 

CPU:total 4 (2 cores per cpu, 2 threads per core) family 6 model 58 stepping 9, cmov, cx8, fxsr, mmx, sse, sse2, sse3, ssse3, sse4.1, sse4.2, popcnt, avx, clmul, erms, ht, tsc, tscinvbit

Memory: 4k page, physical 3778516k(366048k free), swap 4827092k(11276k free)

vm_info: Java HotSpot(TM) 64-Bit Server VM (25.5-b02) for windows-amd64 JRE (1.8.0_05-b13), built on Mar 18 2014 01:08:39 by "java_re" with MS VC++ 10.0 (VS2010)

time: Tue Dec 02 18:28:26 2014
elapsed time: 0 seconds

