0 info it worked if it ends with ok
1 verbose cli [ 'node', '/usr/local/bin/npm', 'install', 'ncp' ]
2 info using npm@1.4.28
3 info using node@v0.10.33
4 verbose readDependencies using package.json deps
5 verbose cache add [ 'ncp', null ]
6 verbose cache add name=undefined spec="ncp" args=["ncp",null]
7 verbose parsed url { protocol: null,
7 verbose parsed url   slashes: null,
7 verbose parsed url   auth: null,
7 verbose parsed url   host: null,
7 verbose parsed url   port: null,
7 verbose parsed url   hostname: null,
7 verbose parsed url   hash: null,
7 verbose parsed url   search: null,
7 verbose parsed url   query: null,
7 verbose parsed url   pathname: 'ncp',
7 verbose parsed url   path: 'ncp',
7 verbose parsed url   href: 'ncp' }
8 silly lockFile 13ef2d63-ncp ncp
9 verbose lock ncp /Users/Christian/.npm/13ef2d63-ncp.lock
10 silly lockFile 13ef2d63-ncp ncp
11 silly lockFile 13ef2d63-ncp ncp
12 verbose addNamed [ 'ncp', '' ]
13 verbose addNamed [ null, '*' ]
14 silly lockFile d37bcc1e-ncp ncp@
15 verbose lock ncp@ /Users/Christian/.npm/d37bcc1e-ncp.lock
16 silly addNameRange { name: 'ncp', range: '*', hasData: false }
17 verbose request where is /ncp
18 verbose request registry https://registry.npmjs.org/
19 verbose request id 6b7fde70df19e75f
20 verbose url raw /ncp
21 verbose url resolving [ 'https://registry.npmjs.org/', './ncp' ]
22 verbose url resolved https://registry.npmjs.org/ncp
23 verbose request where is https://registry.npmjs.org/ncp
24 info trying registry request attempt 1 at 10:51:46
25 verbose etag "798S99R5AI6FRGZ4RQOUS2J1U"
26 http GET https://registry.npmjs.org/ncp
27 http 304 https://registry.npmjs.org/ncp
28 silly registry.get cb [ 304,
28 silly registry.get   { date: 'Tue, 02 Dec 2014 09:51:45 GMT',
28 silly registry.get     server: 'Apache',
28 silly registry.get     via: '1.1 varnish',
28 silly registry.get     'last-modified': 'Tue, 02 Dec 2014 09:51:45 GMT',
28 silly registry.get     'cache-control': 'max-age=60',
28 silly registry.get     etag: '"798S99R5AI6FRGZ4RQOUS2J1U"',
28 silly registry.get     age: '58',
28 silly registry.get     'x-served-by': 'cache-fra1248-FRA',
28 silly registry.get     'x-cache': 'HIT',
28 silly registry.get     'x-cache-hits': '1',
28 silly registry.get     'x-timer': 'S1417513905.213312,VS0,VE0',
28 silly registry.get     vary: 'Accept',
28 silly registry.get     'content-length': '0',
28 silly registry.get     'keep-alive': 'timeout=10, max=50',
28 silly registry.get     connection: 'Keep-Alive' } ]
29 verbose etag https://registry.npmjs.org/ncp from cache
30 silly addNameRange number 2 { name: 'ncp', range: '*', hasData: true }
31 silly addNameRange versions [ 'ncp',
31 silly addNameRange   [ '0.0.0',
31 silly addNameRange     '0.0.1',
31 silly addNameRange     '0.0.2',
31 silly addNameRange     '0.1.0',
31 silly addNameRange     '0.1.1',
31 silly addNameRange     '0.1.2',
31 silly addNameRange     '0.2.0',
31 silly addNameRange     '0.2.1',
31 silly addNameRange     '0.2.2',
31 silly addNameRange     '0.2.3',
31 silly addNameRange     '0.2.4',
31 silly addNameRange     '0.2.5',
31 silly addNameRange     '0.2.6',
31 silly addNameRange     '0.3.0',
31 silly addNameRange     '0.4.0',
31 silly addNameRange     '0.2.7',
31 silly addNameRange     '0.4.1',
31 silly addNameRange     '0.4.2',
31 silly addNameRange     '0.5.0',
31 silly addNameRange     '0.5.1',
31 silly addNameRange     '0.6.0',
31 silly addNameRange     '1.0.0',
31 silly addNameRange     '1.0.1' ] ]
32 verbose addNamed [ 'ncp', '1.0.1' ]
33 verbose addNamed [ '1.0.1', '1.0.1' ]
34 silly lockFile 8c7f3829-ncp-1-0-1 ncp@1.0.1
35 verbose lock ncp@1.0.1 /Users/Christian/.npm/8c7f3829-ncp-1-0-1.lock
36 silly lockFile 112b3a05-stry-npmjs-org-ncp-ncp-1-0-1-tgz https://registry.npmjs.org/ncp/-/ncp-1.0.1.tgz
37 verbose lock https://registry.npmjs.org/ncp/-/ncp-1.0.1.tgz /Users/Christian/.npm/112b3a05-stry-npmjs-org-ncp-ncp-1-0-1-tgz.lock
38 verbose addRemoteTarball [ 'https://registry.npmjs.org/ncp/-/ncp-1.0.1.tgz',
38 verbose addRemoteTarball   'd15367e5cb87432ba117d2bf80fdf45aecfb4246' ]
39 info retry fetch attempt 1 at 10:51:46
40 verbose fetch to= /var/folders/hb/q7pyl0zx6ws96j0crjj0v_0m0000gn/T/npm-8387-B87bWK7N/registry.npmjs.org/ncp/-/ncp-1.0.1.tgz
41 http GET https://registry.npmjs.org/ncp/-/ncp-1.0.1.tgz
42 http 200 https://registry.npmjs.org/ncp/-/ncp-1.0.1.tgz
43 silly lockFile 112b3a05-stry-npmjs-org-ncp-ncp-1-0-1-tgz https://registry.npmjs.org/ncp/-/ncp-1.0.1.tgz
44 silly lockFile 112b3a05-stry-npmjs-org-ncp-ncp-1-0-1-tgz https://registry.npmjs.org/ncp/-/ncp-1.0.1.tgz
45 silly lockFile 8c7f3829-ncp-1-0-1 ncp@1.0.1
46 silly lockFile 8c7f3829-ncp-1-0-1 ncp@1.0.1
47 silly lockFile d37bcc1e-ncp ncp@
48 silly lockFile d37bcc1e-ncp ncp@
49 error Error: EACCES, mkdir '/Users/Christian/.npm/ncp/1.0.1'
49 error  { [Error: EACCES, mkdir '/Users/Christian/.npm/ncp/1.0.1']
49 error   errno: 3,
49 error   code: 'EACCES',
49 error   path: '/Users/Christian/.npm/ncp/1.0.1',
49 error   parent: 'WhoU' }
50 error Please try running this command again as root/Administrator.
51 error System Darwin 14.0.0
52 error command "node" "/usr/local/bin/npm" "install" "ncp"
53 error cwd /Users/Christian/Dropbox/Uni/SE 5/Mobile/Who-U
54 error node -v v0.10.33
55 error npm -v 1.4.28
56 error path /Users/Christian/.npm/ncp/1.0.1
57 error code EACCES
58 error errno 3
59 error stack Error: EACCES, mkdir '/Users/Christian/.npm/ncp/1.0.1'
60 verbose exit [ 3, true ]
